

> fumadocs-mdx@11.6.10 build /home/tom/www2026/0_common/js/fumodocs-20250721/packages/mdx
> tsup

[34mCLI[39m Building entry: src/index.ts, src/loader-mdx.ts, src/config/index.ts, src/next/index.ts, src/runtime/async.ts, src/vite/index.ts
[34mCLI[39m Using tsconfig: tsconfig.json
[34mCLI[39m tsup v8.5.0
[34mCLI[39m Using tsup config: /home/tom/www2026/0_common/js/fumodocs-20250721/packages/mdx/tsup.config.ts
[34mCLI[39m Target: node18
[34mESM[39m Build start
[34mCJS[39m Build start
[32mESM[39m [1mdist/index.js            [22m[32m143.00 B[39m
[32mESM[39m [1mdist/config/index.js     [22m[32m1.18 KB[39m
[32mESM[39m [1mdist/next/index.js       [22m[32m11.25 KB[39m
[32mESM[39m [1mdist/chunk-SXOJYWZ3.js   [22m[32m2.16 KB[39m
[32mESM[39m [1mdist/chunk-OTM6WYMS.js   [22m[32m1.55 KB[39m
[32mESM[39m [1mdist/runtime/async.js    [22m[32m2.24 KB[39m
[32mESM[39m [1mdist/chunk-NUDEC6C5.js   [22m[32m1.63 KB[39m
[32mESM[39m [1mdist/vite/index.js       [22m[32m2.07 KB[39m
[32mESM[39m [1mdist/chunk-6PDS7MUA.js   [22m[32m1.02 KB[39m
[32mESM[39m [1mdist/chunk-64MMPGML.js   [22m[32m3.05 KB[39m
[32mESM[39m [1mdist/chunk-DRVUBK5B.js   [22m[32m775.00 B[39m
[32mESM[39m [1mdist/watcher-4NDMOH4R.js [22m[32m516.00 B[39m
[32mESM[39m [1mdist/chunk-AVMO2SRO.js   [22m[32m2.53 KB[39m
[32mESM[39m [1mdist/chunk-KVWX6THC.js   [22m[32m456.00 B[39m
[32mESM[39m [1mdist/loader-mdx.js       [22m[32m2.50 KB[39m
[32mESM[39m ⚡️ Build success in 95ms
[32mCJS[39m [1mdist/next/index.cjs    [22m[32m18.74 KB[39m
[32mCJS[39m [1mdist/loader-mdx.cjs    [22m[32m15.26 KB[39m
[32mCJS[39m [1mdist/config/index.cjs  [22m[32m9.64 KB[39m
[32mCJS[39m [1mdist/vite/index.cjs    [22m[32m11.14 KB[39m
[32mCJS[39m [1mdist/index.cjs         [22m[32m3.33 KB[39m
[32mCJS[39m [1mdist/runtime/async.cjs [22m[32m9.12 KB[39m
[32mCJS[39m ⚡️ Build success in 97ms
DTS Build start
